[2025-09-25 18:20:53] INFO: Server starting...
[2025-09-25 18:20:53] WARN: This is a warning message
[2025-09-25 18:20:53] ERROR: This is an error message
[2025-09-25 18:20:57] INFO: Server starting...
[2025-09-25 18:20:57] WARN: This is a warning message
[2025-09-25 18:20:57] ERROR: This is an error message
[2025-09-25 18:20:57] INFO: Server starting...
[2025-09-25 18:20:57] WARN: This is a warning message
[2025-09-25 18:20:57] ERROR: This is an error message
[2025-09-25 18:20:58] INFO: Server starting...
[2025-09-25 18:20:58] WARN: This is a warning message
[2025-09-25 18:20:58] ERROR: This is an error message
[2025-09-25 18:20:58] INFO: Server starting...
[2025-09-25 18:20:58] WARN: This is a warning message
[2025-09-25 18:20:58] ERROR: This is an error message
[2025-09-25 18:21:12] INFO: Server starting...
[2025-09-25 18:21:12] WARN: This is a warning message
[2025-09-25 18:21:12] ERROR: This is an error message
[2025-09-25 18:21:37] INFO: Server starting...
[2025-09-25 18:21:37] WARN: This is a warning message
[2025-09-25 18:21:37] ERROR: This is an error message
[2025-09-25 18:21:40] INFO: Server starting...
[2025-09-25 18:21:40] WARN: This is a warning message
[2025-09-25 18:21:40] ERROR: This is an error message
[2025-09-25 18:21:41] INFO: Server starting...
[2025-09-25 18:21:41] WARN: This is a warning message
[2025-09-25 18:21:41] ERROR: This is an error message
[2025-09-25 18:21:41] INFO: Server is running on http://localhost:3000
[2025-09-25 18:21:44] INFO: Server starting...
[2025-09-25 18:21:44] WARN: This is a warning message
[2025-09-25 18:21:44] ERROR: This is an error message
[2025-09-25 18:21:44] INFO: Server is running on http://localhost:3000
[2025-09-25 18:21:47] INFO: Server starting...
[2025-09-25 18:21:47] WARN: This is a warning message
[2025-09-25 18:21:47] ERROR: This is an error message
[2025-09-25 18:21:47] INFO: Server is running on http://localhost:3000
[2025-09-25 18:21:59] INFO: Server starting...
[2025-09-25 18:21:59] WARN: This is a warning message
[2025-09-25 18:21:59] ERROR: This is an error message
[2025-09-25 18:21:59] INFO: Server starting...
[2025-09-25 18:21:59] WARN: This is a warning message
[2025-09-25 18:21:59] ERROR: This is an error message
[2025-09-25 18:22:00] INFO: Server starting...
[2025-09-25 18:22:00] WARN: This is a warning message
[2025-09-25 18:22:00] ERROR: This is an error message
[2025-09-25 18:22:01] INFO: Server starting...
[2025-09-25 18:22:01] WARN: This is a warning message
[2025-09-25 18:22:01] ERROR: This is an error message
[2025-09-25 18:22:03] INFO: Server starting...
[2025-09-25 18:22:03] WARN: This is a warning message
[2025-09-25 18:22:03] ERROR: This is an error message
[2025-09-25 18:22:09] INFO: Server starting...
[2025-09-25 18:22:09] WARN: This is a warning message
[2025-09-25 18:22:09] ERROR: This is an error message
[2025-09-25 18:22:10] INFO: Server starting...
[2025-09-25 18:22:10] WARN: This is a warning message
[2025-09-25 18:22:10] ERROR: This is an error message
[2025-09-25 18:22:12] INFO: Server starting...
[2025-09-25 18:22:12] WARN: This is a warning message
[2025-09-25 18:22:12] ERROR: This is an error message
[2025-09-25 18:22:12] INFO: Database synced successfully
[2025-09-25 18:22:14] INFO: Server starting...
[2025-09-25 18:22:14] WARN: This is a warning message
[2025-09-25 18:22:14] ERROR: This is an error message
[2025-09-25 18:22:14] INFO: Database synced successfully
[2025-09-25 18:22:20] INFO: Server starting...
[2025-09-25 18:22:20] WARN: This is a warning message
[2025-09-25 18:22:20] ERROR: This is an error message
[2025-09-25 18:22:20] INFO: Database synced successfully
[2025-09-25 18:22:21] INFO: Server starting...
[2025-09-25 18:22:21] WARN: This is a warning message
[2025-09-25 18:22:21] ERROR: This is an error message
[2025-09-25 18:22:21] INFO: Database synced successfully
[2025-09-25 18:22:21] INFO: Server starting...
[2025-09-25 18:22:21] WARN: This is a warning message
[2025-09-25 18:22:21] ERROR: This is an error message
[2025-09-25 18:22:21] INFO: Server starting...
[2025-09-25 18:22:21] WARN: This is a warning message
[2025-09-25 18:22:21] ERROR: This is an error message
[2025-09-25 18:22:21] INFO: Database synced successfully
[2025-09-25 18:22:24] INFO: Server starting...
[2025-09-25 18:22:24] WARN: This is a warning message
[2025-09-25 18:22:24] ERROR: This is an error message
[2025-09-25 18:22:24] INFO: Server starting...
[2025-09-25 18:22:24] WARN: This is a warning message
[2025-09-25 18:22:24] ERROR: This is an error message
[2025-09-25 18:22:25] INFO: Database synced successfully
[2025-09-25 18:22:31] INFO: Server starting...
[2025-09-25 18:22:31] WARN: This is a warning message
[2025-09-25 18:22:31] ERROR: This is an error message
[2025-09-25 18:22:31] INFO: Database synced successfully
[2025-09-25 18:22:36] INFO: Server starting...
[2025-09-25 18:22:36] WARN: This is a warning message
[2025-09-25 18:22:36] ERROR: This is an error message
[2025-09-25 18:22:36] INFO: Database synced successfully
[2025-09-25 18:22:39] INFO: Server starting...
[2025-09-25 18:22:39] WARN: This is a warning message
[2025-09-25 18:22:39] ERROR: This is an error message
[2025-09-25 18:22:39] INFO: Server is running on http://localhost:3000
[2025-09-25 18:22:39] INFO: Database synced successfully
[2025-09-25 18:22:39] INFO: Server starting...
[2025-09-25 18:22:39] WARN: This is a warning message
[2025-09-25 18:22:39] ERROR: This is an error message
[2025-09-25 18:22:39] INFO: Server is running on http://localhost:3000
[2025-09-25 18:22:39] INFO: Database synced successfully
[2025-09-25 18:22:42] INFO: Server starting...
[2025-09-25 18:22:42] WARN: This is a warning message
[2025-09-25 18:22:42] ERROR: This is an error message
[2025-09-25 18:22:42] INFO: Server is running on http://localhost:3000
[2025-09-25 18:22:42] INFO: Server starting...
[2025-09-25 18:22:42] WARN: This is a warning message
[2025-09-25 18:22:42] ERROR: This is an error message
[2025-09-25 18:22:42] INFO: Server is running on http://localhost:3000
[2025-09-25 18:22:42] INFO: Database synced successfully
[2025-09-25 18:22:54] INFO: Server starting...
[2025-09-25 18:22:54] WARN: This is a warning message
[2025-09-25 18:22:54] ERROR: This is an error message
[2025-09-25 18:22:54] INFO: Server is running on http://localhost:3000
[2025-09-25 18:22:54] INFO: Database synced successfully
[2025-09-25 18:23:25] INFO: Server starting...
[2025-09-25 18:23:25] WARN: This is a warning message
[2025-09-25 18:23:25] ERROR: This is an error message
[2025-09-25 18:23:25] INFO: Server is running on http://localhost:3000
[2025-09-25 18:23:25] INFO: Database synced successfully
[2025-09-25 18:23:35] INFO: Server starting...
[2025-09-25 18:23:35] WARN: This is a warning message
[2025-09-25 18:23:35] ERROR: This is an error message
[2025-09-25 18:23:35] INFO: Server is running on http://localhost:3000
[2025-09-25 18:23:36] INFO: Database synced successfully
[2025-09-25 18:23:42] INFO: Server starting...
[2025-09-25 18:23:42] WARN: This is a warning message
[2025-09-25 18:23:42] ERROR: This is an error message
[2025-09-25 18:23:42] INFO: Server is running on http://localhost:3000
[2025-09-25 18:23:42] INFO: Server starting...
[2025-09-25 18:23:42] WARN: This is a warning message
[2025-09-25 18:23:42] ERROR: This is an error message
[2025-09-25 18:23:42] INFO: Server is running on http://localhost:3000
[2025-09-25 18:23:42] INFO: Server starting...
[2025-09-25 18:23:42] WARN: This is a warning message
[2025-09-25 18:23:42] ERROR: This is an error message
[2025-09-25 18:23:42] INFO: Server is running on http://localhost:3000
[2025-09-25 18:23:43] INFO: Database synced successfully
